#! FIELDS time proj ext q opes.bias
3.000000000000000000e+06 7.063109599999999944e+01 3.982701699999999789e+01 6.540620000000000323e-01 1.453357000000000010e+00
3.050000000000000000e+06 7.067943999999999960e+01 3.877905799999999914e+01 7.385990000000000055e-01 -4.715504000000000140e+00
3.100000000000000000e+06 7.123699100000000328e+01 3.876182399999999717e+01 7.183929999999999483e-01 -5.678054999999999630e+00
3.150000000000000000e+06 7.088483200000000295e+01 3.822000899999999746e+01 7.415289999999999937e-01 -1.323885399999999990e+01
3.200000000000000000e+06 6.996963200000000427e+01 3.817730799999999647e+01 6.932000000000000384e-01 -1.265143400000000007e+01
3.250000000000000000e+06 7.009108600000000422e+01 3.817351000000000028e+01 6.962019999999999875e-01 -1.320166099999999965e+01
3.300000000000000000e+06 6.968203400000000158e+01 3.813837399999999889e+01 7.344960000000000377e-01 -1.347659200000000013e+01
3.350000000000000000e+06 6.916254999999999598e+01 3.813728100000000154e+01 6.834940000000000460e-01 -1.996531600000000140e+01
3.400000000000000000e+06 6.874227500000000646e+01 3.878170300000000026e+01 6.449019999999999753e-01 -1.747917599999999894e+01
3.450000000000000000e+06 6.932452800000000082e+01 3.853592700000000093e+01 6.654090000000000282e-01 -1.101245699999999950e+01
3.500000000000000000e+06 6.827396000000000242e+01 3.872680700000000087e+01 7.053059999999999885e-01 -2.499853500000000039e+01
3.550000000000000000e+06 6.890946200000000488e+01 3.930729699999999838e+01 5.995610000000000106e-01 -1.450168000000000035e+01
3.600000000000000000e+06 6.881439799999999707e+01 3.840514399999999995e+01 6.965569999999999817e-01 -1.942521199999999837e+01
3.650000000000000000e+06 6.989678700000000333e+01 3.820849900000000332e+01 6.766090000000000160e-01 -1.282108700000000034e+01
3.700000000000000000e+06 7.037533600000000433e+01 3.817552100000000337e+01 7.045449999999999768e-01 -1.306248100000000001e+01
3.750000000000000000e+06 7.132015699999999470e+01 3.870464799999999883e+01 8.781299999999999661e-01 -6.864527999999999963e+00
3.800000000000000000e+06 7.167043300000000272e+01 3.845863200000000148e+01 7.506410000000000027e-01 -1.109500700000000073e+01
3.850000000000000000e+06 7.254580599999999890e+01 3.893878399999999829e+01 7.342300000000000493e-01 -5.361777000000000015e+00
3.900000000000000000e+06 7.249442299999999761e+01 3.902763600000000110e+01 6.883660000000000334e-01 -4.223854000000000219e+00
3.950000000000000000e+06 7.293355699999999331e+01 3.968944499999999920e+01 5.852650000000000352e-01 -7.069590000000000041e-01
4.000000000000000000e+06 7.194566100000000120e+01 3.955566499999999763e+01 7.137050000000000338e-01 1.579239000000000059e+00
4.050000000000000000e+06 7.157665299999999320e+01 3.890152400000000199e+01 6.807419999999999582e-01 -3.132096000000000213e+00
4.100000000000000000e+06 7.155757699999999488e+01 3.848137200000000036e+01 6.810439999999999827e-01 -1.024747299999999939e+01
4.150000000000000000e+06 7.165958299999999781e+01 3.835366400000000198e+01 8.026799999999999491e-01 -1.461691300000000027e+01
4.200000000000000000e+06 7.073196400000000494e+01 3.839091899999999669e+01 6.701200000000000490e-01 -9.755727000000000260e+00
4.250000000000000000e+06 7.127223800000000153e+01 3.821030999999999977e+01 6.479610000000000092e-01 -1.819591600000000042e+01
4.300000000000000000e+06 7.104514399999999341e+01 3.869277699999999953e+01 6.970629999999999882e-01 -4.528406999999999627e+00
4.350000000000000000e+06 7.149910800000000677e+01 3.782344499999999954e+01 6.786379999999999635e-01 -2.500000000000000000e+01
4.400000000000000000e+06 7.022441200000000094e+01 3.796078800000000086e+01 6.769309999999999494e-01 -1.433738499999999938e+01
4.450000000000000000e+06 7.083265600000000006e+01 3.758714899999999659e+01 7.196810000000000151e-01 -2.000092799999999826e+01
4.500000000000000000e+06 7.142158600000000490e+01 3.812720300000000151e+01 7.232499999999999485e-01 -1.953979299999999952e+01
4.550000000000000000e+06 7.129721800000000087e+01 3.857117399999999918e+01 6.798359999999999959e-01 -8.911426000000000514e+00
4.600000000000000000e+06 7.151263699999999801e+01 3.797363200000000205e+01 8.293690000000000229e-01 -2.499486599999999825e+01
4.650000000000000000e+06 7.231479500000000371e+01 3.884284199999999743e+01 6.528829999999999911e-01 -6.104923999999999573e+00
4.700000000000000000e+06 7.196624400000000321e+01 3.922624900000000281e+01 7.210450000000000470e-01 -1.777892000000000028e+00
4.750000000000000000e+06 7.288092500000000484e+01 3.870096300000000156e+01 5.608880000000000532e-01 -1.157924900000000079e+01
4.800000000000000000e+06 7.238656799999999691e+01 3.845013300000000100e+01 6.918159999999999865e-01 -1.181339499999999987e+01
4.850000000000000000e+06 7.220260100000000136e+01 3.853955599999999748e+01 7.181389999999999718e-01 -1.155578399999999917e+01
4.900000000000000000e+06 7.337917799999999602e+01 3.894965200000000038e+01 7.845969999999999889e-01 -1.276837699999999920e+01
4.950000000000000000e+06 7.303316399999999931e+01 3.963259299999999996e+01 7.180600000000000316e-01 -2.151918000000000220e+00
5.000000000000000000e+06 7.345570299999999975e+01 3.885581299999999771e+01 7.830300000000000038e-01 -1.811121999999999943e+01
5.050000000000000000e+06 7.262024499999999705e+01 3.948689799999999650e+01 7.169830000000000370e-01 -2.255910000000000137e-01
5.100000000000000000e+06 7.296981900000000110e+01 3.956855399999999889e+01 6.705689999999999706e-01 -1.771916999999999964e+00
5.150000000000000000e+06 7.325602299999999900e+01 3.941503099999999904e+01 7.308829999999999494e-01 -3.868707000000000118e+00
5.200000000000000000e+06 7.307707999999999515e+01 3.933817799999999920e+01 6.553799999999999626e-01 -4.426938999999999957e+00
5.250000000000000000e+06 7.224965100000000007e+01 3.893025000000000091e+01 7.034620000000000317e-01 -5.176491999999999649e+00
5.300000000000000000e+06 7.230646400000000540e+01 3.834476300000000037e+01 6.195500000000000451e-01 -1.445142099999999985e+01
5.350000000000000000e+06 7.229651300000000447e+01 3.865788100000000327e+01 6.165829999999999922e-01 -7.941364000000000090e+00
5.400000000000000000e+06 7.290059399999999812e+01 3.861533599999999922e+01 6.794029999999999792e-01 -1.379951900000000009e+01
5.450000000000000000e+06 7.323636999999999375e+01 3.968382799999999833e+01 6.930089999999999861e-01 -3.282134999999999803e+00
5.500000000000000000e+06 7.288831399999999405e+01 3.983639999999999759e+01 6.283119999999999816e-01 -5.364370000000000527e-01
5.550000000000000000e+06 7.196739100000000633e+01 3.949762499999999932e+01 6.754280000000000284e-01 9.335940000000000349e-01
5.600000000000000000e+06 7.150596899999999323e+01 3.878012700000000024e+01 7.721109999999999918e-01 -4.539490999999999943e+00
5.650000000000000000e+06 7.212095300000000009e+01 3.861224599999999896e+01 6.696710000000000163e-01 -9.661239000000000132e+00
5.700000000000000000e+06 7.228377899999999556e+01 3.901000100000000259e+01 6.933960000000000123e-01 -3.694485999999999937e+00
5.750000000000000000e+06 7.298520000000000607e+01 3.833597900000000180e+01 6.714599999999999458e-01 -1.952540000000000120e+01
5.800000000000000000e+06 7.233829799999999466e+01 3.809532800000000208e+01 7.442560000000000286e-01 -2.281444799999999873e+01
5.850000000000000000e+06 7.207934500000000355e+01 3.804146000000000072e+01 6.159999999999999920e-01 -2.473082099999999883e+01
5.900000000000000000e+06 7.006329800000000319e+01 3.766924399999999906e+01 7.522560000000000358e-01 -2.281738999999999962e+01
5.950000000000000000e+06 7.017221200000000181e+01 3.721093499999999921e+01 7.409879999999999800e-01 -2.500000000000000000e+01
6.000000000000000000e+06 7.113447700000000395e+01 3.783868999999999971e+01 7.769740000000000535e-01 -2.098414299999999955e+01
6.050000000000000000e+06 7.083240700000000345e+01 3.840201600000000326e+01 7.517430000000000501e-01 -9.884083000000000396e+00
6.100000000000000000e+06 7.015385799999999961e+01 3.805285299999999893e+01 7.018360000000000154e-01 -1.404590800000000073e+01
6.150000000000000000e+06 7.035927599999999416e+01 3.834511700000000189e+01 7.119799999999999462e-01 -1.134484400000000015e+01
6.200000000000000000e+06 7.134002900000000125e+01 3.853163599999999889e+01 7.443950000000000289e-01 -9.229933000000000831e+00
6.250000000000000000e+06 7.129840599999999995e+01 3.924712099999999992e+01 6.418739999999999446e-01 -6.518140000000000045e-01
6.300000000000000000e+06 7.143961099999999931e+01 3.883386099999999885e+01 6.847020000000000328e-01 -4.683416000000000246e+00
6.350000000000000000e+06 7.149285999999999319e+01 3.859722599999999915e+01 7.266099999999999781e-01 -6.796387000000000178e+00
6.400000000000000000e+06 7.094888500000000420e+01 3.853422100000000228e+01 7.295779999999999488e-01 -7.536527000000000420e+00
6.450000000000000000e+06 7.097080300000000364e+01 3.853988400000000070e+01 7.323180000000000245e-01 -7.286207000000000100e+00
6.500000000000000000e+06 6.973438400000000570e+01 3.832445599999999786e+01 6.699159999999999560e-01 -1.061581499999999956e+01
6.550000000000000000e+06 6.947352700000000425e+01 3.800063399999999803e+01 6.890560000000000018e-01 -1.800745999999999825e+01
6.600000000000000000e+06 6.886255900000000452e+01 3.851261099999999971e+01 7.332670000000000021e-01 -1.819342299999999923e+01
6.650000000000000000e+06 6.861455700000000490e+01 3.815105899999999650e+01 6.639439999999999786e-01 -2.499997799999999870e+01
6.700000000000000000e+06 6.981430799999999692e+01 3.839785700000000190e+01 7.292619999999999658e-01 -9.959077000000000623e+00
6.750000000000000000e+06 6.934145900000000040e+01 3.847401099999999730e+01 6.766119999999999912e-01 -1.098624500000000026e+01
6.800000000000000000e+06 6.940429100000000062e+01 3.872673999999999950e+01 6.616549999999999931e-01 -1.136564699999999917e+01
6.850000000000000000e+06 6.798892200000000230e+01 3.824263599999999741e+01 7.036710000000000464e-01 -2.500000000000000000e+01
6.900000000000000000e+06 6.881718200000000252e+01 3.786139599999999916e+01 6.329430000000000334e-01 -2.495295399999999830e+01
6.950000000000000000e+06 6.863960799999999551e+01 3.847301600000000121e+01 7.178569999999999673e-01 -2.133290699999999873e+01
7.000000000000000000e+06 6.854552800000000445e+01 3.808635699999999957e+01 6.946670000000000345e-01 -2.500000000000000000e+01
7.050000000000000000e+06 6.799968499999999949e+01 3.926193099999999703e+01 6.008210000000000495e-01 -1.944006600000000162e+01
7.100000000000000000e+06 6.882499799999999368e+01 3.866896500000000003e+01 7.311990000000000434e-01 -1.610939600000000027e+01
7.150000000000000000e+06 6.820231200000000626e+01 3.937062300000000192e+01 6.706170000000000186e-01 -1.949466100000000068e+01
7.200000000000000000e+06 6.792338499999999613e+01 3.831410499999999786e+01 7.507489999999999997e-01 -2.500000000000000000e+01
7.250000000000000000e+06 6.816239600000000110e+01 3.877933500000000322e+01 7.273380000000000400e-01 -2.230527400000000071e+01
7.300000000000000000e+06 6.819931599999999605e+01 3.799170600000000064e+01 5.827309999999999990e-01 -2.500000000000000000e+01
7.350000000000000000e+06 6.882994499999999505e+01 3.890336599999999834e+01 6.666299999999999448e-01 -1.603410699999999878e+01
7.400000000000000000e+06 6.899735900000000299e+01 3.854953700000000083e+01 6.979330000000000256e-01 -1.611794000000000082e+01
7.450000000000000000e+06 6.817976000000000170e+01 3.876641800000000160e+01 6.694930000000000048e-01 -2.283571099999999987e+01
7.500000000000000000e+06 6.853970599999999536e+01 3.872790899999999681e+01 7.265399999999999636e-01 -2.028892799999999852e+01
7.550000000000000000e+06 6.900875100000000373e+01 3.873809800000000081e+01 7.374699999999999589e-01 -1.382056900000000077e+01
7.600000000000000000e+06 6.909730199999999911e+01 3.813086100000000300e+01 7.486450000000000049e-01 -1.996506099999999861e+01
7.650000000000000000e+06 6.876537199999999928e+01 3.771432899999999933e+01 7.648310000000000386e-01 -2.500000000000000000e+01
7.700000000000000000e+06 6.924655199999999411e+01 3.787405300000000352e+01 7.179550000000000098e-01 -2.067946399999999940e+01
7.750000000000000000e+06 6.833150500000000704e+01 3.761430000000000007e+01 6.262510000000000021e-01 -2.500000000000000000e+01
7.800000000000000000e+06 6.894514999999999816e+01 3.732197899999999890e+01 7.277709999999999457e-01 -2.500000000000000000e+01
7.850000000000000000e+06 6.956935500000000161e+01 3.808180699999999774e+01 7.630700000000000260e-01 -1.540238000000000085e+01
7.900000000000000000e+06 6.913812299999999311e+01 3.770357599999999820e+01 6.796440000000000259e-01 -2.499935699999999983e+01
7.950000000000000000e+06 6.903142300000000375e+01 3.823586099999999988e+01 6.461130000000000484e-01 -1.778630899999999926e+01
8.000000000000000000e+06 6.949233200000000465e+01 3.786223600000000289e+01 6.476549999999999807e-01 -1.856182300000000041e+01
8.050000000000000000e+06 7.020247700000000179e+01 3.788244199999999751e+01 6.882709999999999662e-01 -1.747869000000000028e+01
8.100000000000000000e+06 6.985707700000000386e+01 3.860850700000000302e+01 6.707739999999999814e-01 -1.067521099999999912e+01
8.150000000000000000e+06 6.965777799999999331e+01 3.721597700000000231e+01 6.301839999999999664e-01 -2.500000000000000000e+01
8.200000000000000000e+06 6.930369299999999555e+01 3.732844200000000257e+01 7.123380000000000267e-01 -2.500000000000000000e+01
8.250000000000000000e+06 6.838561300000000642e+01 3.743643399999999843e+01 7.068010000000000126e-01 -2.500000000000000000e+01
8.300000000000000000e+06 6.832682200000000705e+01 3.785884699999999725e+01 7.048769999999999758e-01 -2.500000000000000000e+01
8.350000000000000000e+06 6.790164500000000203e+01 3.828574199999999905e+01 7.038330000000000419e-01 -2.500000000000000000e+01
8.400000000000000000e+06 6.725147900000000334e+01 3.876687799999999839e+01 7.418620000000000214e-01 -2.276581099999999935e+01
8.450000000000000000e+06 6.757870099999999525e+01 3.826652899999999846e+01 7.405950000000000033e-01 -2.500000000000000000e+01
8.500000000000000000e+06 6.751507399999999848e+01 3.864452500000000157e+01 6.220869999999999456e-01 -2.500000000000000000e+01
8.550000000000000000e+06 6.764107799999999315e+01 3.901809200000000288e+01 6.581249999999999600e-01 -2.320630099999999985e+01
8.600000000000000000e+06 6.732397299999999518e+01 3.923637899999999945e+01 6.176270000000000371e-01 -2.277207900000000151e+01
8.650000000000000000e+06 6.755669899999999473e+01 3.890306900000000212e+01 6.216690000000000271e-01 -2.205828299999999942e+01
8.700000000000000000e+06 6.775759600000000660e+01 3.982211600000000118e+01 6.530150000000000121e-01 -1.572468499999999914e+01
8.750000000000000000e+06 6.758368199999999604e+01 3.988227599999999740e+01 6.986390000000000100e-01 -1.621382699999999843e+01
8.800000000000000000e+06 6.864420699999999442e+01 3.919174900000000150e+01 6.695189999999999753e-01 -1.624156699999999987e+01
8.850000000000000000e+06 6.866303600000000529e+01 3.904111100000000079e+01 6.070590000000000153e-01 -1.822068499999999958e+01
8.900000000000000000e+06 6.829410199999999520e+01 3.880908800000000269e+01 7.092540000000000511e-01 -2.498182100000000005e+01
8.950000000000000000e+06 6.882746000000000208e+01 3.838315399999999755e+01 6.937520000000000353e-01 -1.940683100000000039e+01
9.000000000000000000e+06 6.828126699999999971e+01 4.009946099999999802e+01 6.690450000000000008e-01 -1.367038400000000031e+01
9.050000000000000000e+06 6.893949700000000291e+01 3.935677700000000101e+01 6.314079999999999693e-01 -1.306098700000000079e+01
9.100000000000000000e+06 6.925628299999999626e+01 3.911599900000000218e+01 5.965669999999999584e-01 -1.210328600000000066e+01
9.150000000000000000e+06 6.880437700000000234e+01 3.911417200000000349e+01 7.049959999999999560e-01 -1.526181300000000007e+01
9.200000000000000000e+06 6.857792399999999589e+01 3.881041900000000311e+01 6.498209999999999820e-01 -1.793252499999999827e+01
9.250000000000000000e+06 6.760433000000000447e+01 3.925519700000000256e+01 6.088130000000000486e-01 -2.031714099999999945e+01
9.300000000000000000e+06 6.809644199999999614e+01 3.971124100000000112e+01 6.001499999999999613e-01 -1.373842699999999972e+01
9.350000000000000000e+06 6.873369399999999985e+01 4.050979499999999689e+01 6.656840000000000535e-01 -1.323966399999999943e+01
9.400000000000000000e+06 6.848250799999999572e+01 3.973171599999999870e+01 6.557610000000000383e-01 -1.532731000000000066e+01
9.450000000000000000e+06 6.802610400000000368e+01 3.986925200000000302e+01 6.695400000000000240e-01 -1.663628100000000032e+01
9.500000000000000000e+06 6.756400800000000118e+01 3.945843599999999896e+01 6.532489999999999686e-01 -1.913458899999999829e+01
9.550000000000000000e+06 6.782490099999999700e+01 3.945314900000000335e+01 5.493369999999999642e-01 -1.766480699999999970e+01
9.600000000000000000e+06 6.839839700000000278e+01 3.922244299999999839e+01 6.910060000000000091e-01 -1.776075700000000168e+01
9.650000000000000000e+06 6.688387899999999320e+01 3.918562299999999965e+01 6.870349999999999513e-01 -2.345994299999999910e+01
9.700000000000000000e+06 6.887088400000000377e+01 4.065097800000000206e+01 6.683109999999999884e-01 -1.278180399999999928e+01
9.750000000000000000e+06 6.881322400000000528e+01 4.073158300000000054e+01 6.642780000000000351e-01 -1.109203699999999948e+01
9.800000000000000000e+06 6.880949099999999419e+01 3.992357200000000006e+01 6.143570000000000420e-01 -1.279381899999999916e+01
9.850000000000000000e+06 6.832597599999999716e+01 4.035755799999999738e+01 6.407840000000000202e-01 -1.402703499999999970e+01
9.900000000000000000e+06 6.933225400000000604e+01 4.079090899999999920e+01 5.246100000000000207e-01 -1.376678700000000077e+01
9.950000000000000000e+06 6.930395199999999534e+01 4.056745899999999949e+01 6.410479999999999512e-01 -1.197828400000000038e+01
1.000000000000000000e+07 6.791266199999999742e+01 4.085692900000000094e+01 6.819129999999999914e-01 -9.833484000000000336e+00
1.005000000000000000e+07 6.797399900000000628e+01 4.103468000000000160e+01 6.940070000000000405e-01 -1.091643799999999942e+01
1.010000000000000000e+07 6.882393700000000081e+01 4.126570600000000155e+01 6.736790000000000278e-01 -9.133027999999999480e+00
1.015000000000000000e+07 6.921305599999999458e+01 4.147301499999999663e+01 5.996350000000000291e-01 -1.166984399999999944e+01
1.020000000000000000e+07 6.870387999999999806e+01 4.150189100000000053e+01 6.063920000000000421e-01 -1.106911299999999976e+01
1.025000000000000000e+07 6.857183200000000056e+01 4.143270100000000156e+01 6.851180000000000048e-01 -1.086370800000000081e+01
1.030000000000000000e+07 7.030001500000000192e+01 4.238778800000000047e+01 6.941889999999999450e-01 -2.566914000000000140e+00
1.035000000000000000e+07 7.016448800000000574e+01 4.225083899999999915e+01 6.392849999999999921e-01 -4.811766000000000432e+00
1.040000000000000000e+07 7.026537799999999834e+01 4.221102400000000188e+01 6.114760000000000195e-01 -2.995985000000000120e+00
1.045000000000000000e+07 7.038340599999999370e+01 4.239754700000000298e+01 5.950760000000000494e-01 -1.344295999999999935e+00
1.050000000000000000e+07 6.942280599999999424e+01 4.181519000000000119e+01 6.977449999999999486e-01 -4.202837999999999852e+00
1.055000000000000000e+07 6.962322600000000250e+01 4.174227100000000235e+01 6.257289999999999797e-01 -6.642031000000000240e+00
1.060000000000000000e+07 6.914788400000000479e+01 4.243423599999999851e+01 4.710030000000000050e-01 -5.678386999999999851e+00
1.065000000000000000e+07 6.956419300000000305e+01 4.249666899999999714e+01 6.690899999999999626e-01 -5.608906000000000169e+00
1.070000000000000000e+07 7.044612899999999911e+01 4.249887799999999771e+01 4.576959999999999917e-01 -2.246601000000000070e+00
1.075000000000000000e+07 7.044840100000000405e+01 4.274416200000000288e+01 4.247330000000000272e-01 -2.581780999999999882e+00
1.080000000000000000e+07 7.137030400000000441e+01 4.214768300000000067e+01 4.647939999999999849e-01 -5.337826999999999877e+00
1.085000000000000000e+07 7.162189800000000162e+01 4.259098999999999791e+01 3.604490000000000194e-01 -2.197849000000000164e+00
1.090000000000000000e+07 7.198210100000000011e+01 4.237808100000000167e+01 4.465489999999999737e-01 -3.895293999999999812e+00
1.095000000000000000e+07 7.181356100000000708e+01 4.183561199999999758e+01 5.822770000000000445e-01 -3.806753000000000053e+00
1.100000000000000000e+07 7.090114900000000375e+01 4.199408199999999880e+01 4.979520000000000057e-01 -4.630944000000000393e+00
1.105000000000000000e+07 7.005471599999999910e+01 4.203425099999999759e+01 6.565929999999999822e-01 -5.691599000000000075e+00
1.110000000000000000e+07 7.126489999999999725e+01 4.199985300000000166e+01 6.915780000000000260e-01 -3.960837000000000163e+00
1.115000000000000000e+07 7.074391900000000533e+01 4.164757999999999782e+01 5.152510000000000145e-01 -5.287682000000000215e+00
1.120000000000000000e+07 7.151098899999999503e+01 4.245365600000000228e+01 5.771129999999999871e-01 -4.016333999999999627e+00
1.125000000000000000e+07 7.064085799999999438e+01 4.316084399999999732e+01 4.591089999999999893e-01 -3.170795000000000030e+00
1.130000000000000000e+07 6.980676599999999610e+01 4.328223500000000001e+01 3.916850000000000054e-01 -3.297997000000000067e+00
1.135000000000000000e+07 6.887623999999999569e+01 4.290184200000000203e+01 3.151189999999999825e-01 -7.002735000000000376e+00
1.140000000000000000e+07 6.921426499999999749e+01 4.307032399999999939e+01 2.236670000000000047e-01 -5.265227999999999575e+00
1.145000000000000000e+07 7.058849499999999466e+01 4.348147699999999816e+01 2.632189999999999808e-01 -1.983611999999999931e+00
1.150000000000000000e+07 6.917595400000000438e+01 4.298990100000000325e+01 3.415850000000000275e-01 -7.143652999999999587e+00
1.155000000000000000e+07 7.075805400000000134e+01 4.321146999999999849e+01 3.458530000000000215e-01 -2.014197999999999933e+00
1.160000000000000000e+07 6.955490100000000098e+01 4.182697499999999735e+01 4.235430000000000028e-01 -6.445388999999999591e+00
1.165000000000000000e+07 7.001435899999999890e+01 4.232009099999999790e+01 3.188739999999999908e-01 -2.282563000000000120e+00
1.170000000000000000e+07 6.990189700000000528e+01 4.248697599999999852e+01 4.152120000000000255e-01 -4.369133999999999851e+00
1.175000000000000000e+07 6.900630599999999504e+01 4.219419099999999645e+01 3.067389999999999839e-01 -4.678460000000000285e+00
1.180000000000000000e+07 6.807222500000000309e+01 4.148094100000000140e+01 3.672889999999999766e-01 -1.086832000000000065e+01
1.185000000000000000e+07 6.856040699999999788e+01 4.168224599999999924e+01 2.466000000000000136e-01 -9.326451000000000491e+00
1.190000000000000000e+07 6.879183299999999690e+01 4.212846400000000102e+01 2.644059999999999744e-01 -6.631967000000000390e+00
1.195000000000000000e+07 6.918612000000000251e+01 4.197079500000000252e+01 3.845470000000000277e-01 -6.159765000000000157e+00
1.200000000000000000e+07 6.891632799999999293e+01 4.281163999999999703e+01 3.622619999999999729e-01 -7.091063000000000116e+00
1.205000000000000000e+07 6.765277100000000132e+01 4.271520499999999743e+01 2.681580000000000075e-01 -8.792982999999999549e+00
1.210000000000000000e+07 6.769881300000000124e+01 4.300925000000000153e+01 2.320419999999999983e-01 -7.780380000000000074e+00
1.215000000000000000e+07 6.863226899999999375e+01 4.371367999999999654e+01 2.805380000000000096e-01 -6.023654999999999760e+00
1.220000000000000000e+07 6.922969500000000664e+01 4.347086300000000136e+01 1.355889999999999873e-01 -4.728679999999999772e+00
1.225000000000000000e+07 6.895839100000000599e+01 4.412098199999999792e+01 1.957299999999999873e-01 -5.130104000000000219e+00
1.230000000000000000e+07 6.942494200000000149e+01 4.514309999999999690e+01 8.697999999999999135e-03 -6.230514999999999581e+00
1.235000000000000000e+07 6.872337500000000432e+01 4.522896800000000184e+01 8.430700000000000693e-02 -7.701776999999999873e+00
1.240000000000000000e+07 6.944167199999999696e+01 4.421860600000000119e+01 8.805899999999999839e-02 -4.018880000000000230e+00
1.245000000000000000e+07 6.875574899999999445e+01 4.423328800000000172e+01 1.853869999999999962e-01 -5.626164000000000165e+00
1.250000000000000000e+07 7.052449000000000012e+01 4.529625599999999963e+01 8.219899999999999429e-02 -3.647229999999999972e+00
1.255000000000000000e+07 6.932249199999999689e+01 4.608123899999999651e+01 5.668299999999999728e-02 -5.452386999999999873e+00
1.260000000000000000e+07 7.002009099999999364e+01 4.594305500000000109e+01 1.129800000000000075e-02 -5.252214000000000382e+00
1.265000000000000000e+07 6.898035900000000709e+01 4.570994199999999807e+01 5.126499999999999807e-02 -6.733444000000000429e+00
1.270000000000000000e+07 6.977386699999999564e+01 4.454908900000000216e+01 1.060829999999999967e-01 -4.592416000000000054e+00
1.275000000000000000e+07 7.076251600000000508e+01 4.448100300000000118e+01 2.409499999999999836e-02 -3.200714000000000059e+00
1.280000000000000000e+07 7.113014699999999380e+01 4.434618900000000252e+01 3.457899999999999863e-02 -3.424094999999999889e+00
1.285000000000000000e+07 7.144093599999999356e+01 4.519147499999999695e+01 9.955200000000000160e-02 -4.085606000000000293e+00
1.290000000000000000e+07 7.072044099999999389e+01 4.592109700000000316e+01 1.326690000000000091e-01 -6.072962000000000415e+00
1.295000000000000000e+07 7.081292100000000289e+01 4.425095400000000012e+01 1.723639999999999894e-01 -2.853861999999999899e+00
1.300000000000000000e+07 7.105611299999999630e+01 4.356894700000000142e+01 1.887359999999999871e-01 -1.719454000000000038e+00
1.305000000000000000e+07 7.084399799999999914e+01 4.451717399999999714e+01 1.567500000000000004e-01 -2.511690999999999896e+00
1.310000000000000000e+07 7.096505600000000413e+01 4.359333699999999823e+01 1.812749999999999917e-01 -3.742260000000000031e-01
1.315000000000000000e+07 7.258898999999999546e+01 4.359114000000000289e+01 1.576150000000000051e-01 -5.249390000000000001e+00
1.320000000000000000e+07 7.235050999999999988e+01 4.324343300000000312e+01 2.188849999999999962e-01 -3.337790000000000035e+00
1.325000000000000000e+07 7.152610799999999358e+01 4.273103700000000060e+01 2.438950000000000007e-01 -2.426429999999999865e+00
1.330000000000000000e+07 7.268087699999999529e+01 4.310208500000000242e+01 1.619200000000000084e-01 -2.850273000000000057e+00
1.335000000000000000e+07 7.361798899999999435e+01 4.302401100000000156e+01 1.431479999999999975e-01 -6.087266999999999761e+00
1.340000000000000000e+07 7.307991499999999974e+01 4.341954299999999733e+01 1.867429999999999923e-01 -4.989021000000000150e+00
1.345000000000000000e+07 7.301668899999999951e+01 4.215825600000000151e+01 1.888880000000000003e-01 -5.269547000000000203e+00
1.350000000000000000e+07 7.270422200000000146e+01 4.172299600000000197e+01 3.191999999999999837e-01 -4.965887999999999636e+00
1.355000000000000000e+07 7.183277099999999393e+01 4.337653499999999696e+01 2.561050000000000271e-01 -5.883498999999999590e+00
1.360000000000000000e+07 7.167395700000000147e+01 4.237855199999999911e+01 2.318699999999999928e-01 -5.675182000000000393e+00
1.365000000000000000e+07 7.152431099999999731e+01 4.308285099999999801e+01 2.539680000000000271e-01 -3.454562999999999828e+00
1.370000000000000000e+07 7.218922399999999584e+01 4.217427099999999740e+01 2.716169999999999973e-01 -4.135951000000000377e+00
1.375000000000000000e+07 7.086652200000000335e+01 4.292762799999999856e+01 3.669029999999999792e-01 -1.655675999999999926e+00
1.380000000000000000e+07 7.015752200000000016e+01 4.291719100000000253e+01 3.812320000000000153e-01 -4.263957999999999693e+00
1.385000000000000000e+07 6.984631299999999499e+01 4.372747999999999990e+01 3.591400000000000148e-01 -6.101723999999999926e+00
1.390000000000000000e+07 6.987055100000000607e+01 4.436399000000000115e+01 1.946029999999999982e-01 -3.129716999999999860e+00
1.395000000000000000e+07 6.955750799999999856e+01 4.365812199999999876e+01 2.018679999999999919e-01 -6.109636000000000067e+00
1.400000000000000000e+07 6.916956899999999564e+01 4.334899899999999917e+01 2.550580000000000069e-01 -4.370587000000000444e+00
1.405000000000000000e+07 7.071913000000000693e+01 4.341195400000000149e+01 7.628000000000000058e-02 -5.428830000000000044e-01
1.410000000000000000e+07 6.969239100000000064e+01 4.380996600000000285e+01 9.925799999999999901e-02 -3.655393000000000114e+00
1.415000000000000000e+07 7.192160800000000620e+01 4.414212500000000006e+01 3.382999999999999896e-02 -1.029470899999999922e+01
1.420000000000000000e+07 7.179738199999999892e+01 4.281026099999999701e+01 1.302230000000000054e-01 -2.070678000000000019e+00
1.425000000000000000e+07 7.214667699999999684e+01 4.321915200000000112e+01 3.006220000000000003e-01 -2.393664999999999932e+00
1.430000000000000000e+07 7.169418699999999944e+01 4.389227499999999793e+01 1.680319999999999869e-01 -8.260778000000000176e+00
1.435000000000000000e+07 7.181749200000000144e+01 4.332353400000000221e+01 2.103180000000000049e-01 -5.111101999999999812e+00
1.440000000000000000e+07 7.142190300000000036e+01 4.408858599999999939e+01 1.153900000000000065e-01 -5.538015999999999828e+00
1.445000000000000000e+07 7.286833599999999933e+01 4.424005499999999813e+01 2.270820000000000061e-01 -8.586306999999999690e+00
1.450000000000000000e+07 7.236195600000000638e+01 4.395018699999999967e+01 3.167039999999999855e-01 -9.584141999999999939e+00
1.455000000000000000e+07 7.259392200000000628e+01 4.341596499999999992e+01 3.503459999999999908e-01 -3.949418000000000095e+00
1.460000000000000000e+07 7.232562299999999311e+01 4.282401600000000030e+01 2.448549999999999893e-01 -1.221730999999999900e+00
1.465000000000000000e+07 7.150128200000000334e+01 4.188712600000000208e+01 2.529390000000000249e-01 -4.948342000000000240e+00
1.470000000000000000e+07 7.251725000000000421e+01 4.206379700000000099e+01 3.109230000000000049e-01 -5.405007000000000339e+00
1.475000000000000000e+07 7.225156699999999432e+01 4.157505199999999945e+01 3.774219999999999797e-01 -6.964970000000000327e-01
1.480000000000000000e+07 7.171256800000000453e+01 4.157540600000000097e+01 4.263600000000000168e-01 -2.905632000000000215e+00
1.485000000000000000e+07 7.195627799999999752e+01 4.174950799999999873e+01 4.082399999999999918e-01 -3.799942999999999849e+00
1.490000000000000000e+07 7.275634900000000016e+01 4.185116200000000219e+01 4.310120000000000062e-01 -5.537869999999999848e+00
1.495000000000000000e+07 7.336180600000000140e+01 4.266938900000000245e+01 3.841769999999999907e-01 -5.086852999999999625e+00
1.500000000000000000e+07 7.406323500000000593e+01 4.244550399999999968e+01 4.270939999999999737e-01 -2.923182000000000169e+00
1.505000000000000000e+07 7.361546900000000448e+01 4.300539799999999957e+01 3.742159999999999931e-01 -5.838466999999999629e+00
1.510000000000000000e+07 7.258447700000000680e+01 4.202364899999999892e+01 4.622800000000000242e-01 -4.471618000000000315e+00
1.515000000000000000e+07 7.336830700000000149e+01 4.151749300000000176e+01 3.874110000000000054e-01 -1.466761999999999899e+00
1.520000000000000000e+07 7.353993499999999983e+01 4.180220299999999867e+01 4.194330000000000003e-01 -1.211921999999999944e+00
1.525000000000000000e+07 7.327512000000000114e+01 4.113140800000000041e+01 4.892099999999999782e-01 9.376029999999999642e-01
1.530000000000000000e+07 7.300065200000000232e+01 4.182109299999999763e+01 3.520539999999999781e-01 -3.432109000000000076e+00
1.535000000000000000e+07 7.321719899999999370e+01 4.334343499999999949e+01 2.981099999999999861e-01 -5.714215000000000266e+00
1.540000000000000000e+07 7.382872299999999655e+01 4.266714400000000040e+01 4.374799999999999800e-01 -2.930518000000000178e+00
1.545000000000000000e+07 7.291962399999999889e+01 4.294750899999999660e+01 4.696750000000000091e-01 -2.300561000000000078e+00
1.550000000000000000e+07 7.393642400000000237e+01 4.195325199999999910e+01 4.854849999999999999e-01 -1.144937000000000094e+00
1.555000000000000000e+07 7.393130100000000482e+01 4.265789900000000046e+01 4.615609999999999991e-01 -3.621548999999999907e+00
1.560000000000000000e+07 7.496762900000000229e+01 4.332432699999999670e+01 4.289120000000000155e-01 -9.020353999999999317e+00
1.565000000000000000e+07 7.435516499999999951e+01 4.320581299999999914e+01 4.306710000000000260e-01 -6.672905000000000086e+00
1.570000000000000000e+07 7.396018100000000572e+01 4.277886000000000166e+01 3.375440000000000107e-01 -4.835598000000000063e+00
1.575000000000000000e+07 7.414921400000000062e+01 4.200254600000000238e+01 4.420459999999999945e-01 -1.198622999999999994e+00
1.580000000000000000e+07 7.279785300000000348e+01 4.248896899999999732e+01 2.769150000000000222e-01 -1.290486000000000022e+00
1.585000000000000000e+07 7.315797399999999584e+01 4.209715899999999777e+01 3.660869999999999957e-01 -4.134462000000000081e+00
1.590000000000000000e+07 7.237916800000000705e+01 4.243545499999999748e+01 4.655859999999999999e-01 -1.439561000000000091e+00
1.595000000000000000e+07 7.151419099999999673e+01 4.258607599999999849e+01 2.629389999999999783e-01 -3.865162999999999904e+00
1.600000000000000000e+07 7.121177199999999630e+01 4.206986100000000306e+01 2.789610000000000145e-01 -5.499756999999999785e+00
1.605000000000000000e+07 7.094689800000000446e+01 4.196573000000000064e+01 3.298249999999999793e-01 -3.610199999999999854e+00
1.610000000000000000e+07 7.123516100000000506e+01 4.315528599999999670e+01 3.232349999999999945e-01 -8.821480000000000432e-01
1.615000000000000000e+07 7.180406999999999584e+01 4.385075100000000248e+01 3.928809999999999802e-01 -9.113348999999999478e+00
1.620000000000000000e+07 7.125566700000000253e+01 4.389957199999999915e+01 3.456580000000000208e-01 -3.467798999999999854e+00
1.625000000000000000e+07 7.121636399999999867e+01 4.317812500000000142e+01 4.593940000000000246e-01 -9.844829999999999970e-01
1.630000000000000000e+07 7.129248699999999417e+01 4.273951100000000025e+01 4.127680000000000238e-01 -3.078120999999999885e+00
1.635000000000000000e+07 7.118608399999999392e+01 4.212589899999999687e+01 3.784859999999999891e-01 -6.554522999999999655e+00
1.640000000000000000e+07 7.113831799999999816e+01 4.251686200000000326e+01 4.198720000000000230e-01 -2.196845999999999854e+00
1.645000000000000000e+07 7.217998799999999449e+01 4.255090299999999814e+01 3.589939999999999798e-01 -2.567432999999999854e+00
1.650000000000000000e+07 7.297241499999999803e+01 4.297616099999999761e+01 3.178110000000000102e-01 -1.577188999999999952e+00
1.655000000000000000e+07 7.279178100000000029e+01 4.389964499999999958e+01 3.177380000000000204e-01 -5.894631000000000398e+00
1.660000000000000000e+07 7.329344399999999382e+01 4.408717800000000153e+01 2.693490000000000051e-01 -1.143146199999999979e+01
1.665000000000000000e+07 7.215181699999999410e+01 4.349961700000000064e+01 4.252340000000000009e-01 -5.563721000000000139e+00
1.670000000000000000e+07 7.182182400000000655e+01 4.463187299999999880e+01 3.835580000000000100e-01 -8.318602999999999525e+00
1.675000000000000000e+07 7.195682700000000409e+01 4.474697799999999859e+01 1.484640000000000126e-01 -6.858181000000000083e+00
1.680000000000000000e+07 7.291185600000000022e+01 4.459658300000000253e+01 3.290850000000000164e-01 -1.179794899999999913e+01
1.685000000000000000e+07 7.178432100000000560e+01 4.454932099999999906e+01 2.726910000000000167e-01 -8.279047000000000267e+00
1.690000000000000000e+07 7.145129500000000178e+01 4.553675799999999896e+01 2.586319999999999730e-01 -6.586002999999999830e+00
1.695000000000000000e+07 7.157752600000000598e+01 4.584389000000000181e+01 2.425059999999999993e-01 -7.890394999999999825e+00
1.700000000000000000e+07 7.084262599999999566e+01 4.590721700000000283e+01 2.878580000000000028e-01 -4.603082999999999814e+00
1.705000000000000000e+07 7.158445600000000297e+01 4.754364499999999794e+01 3.186339999999999728e-01 -6.886280000000000179e+00
1.710000000000000000e+07 7.154297499999999843e+01 4.633116400000000112e+01 3.146200000000000108e-01 -1.077063500000000040e+01
1.715000000000000000e+07 7.093283800000000383e+01 4.678964700000000221e+01 1.397230000000000139e-01 -4.049976000000000020e+00
1.720000000000000000e+07 7.122222299999999962e+01 4.492860300000000251e+01 1.452410000000000090e-01 -3.095279000000000114e+00
1.725000000000000000e+07 7.125320100000000423e+01 4.516136300000000148e+01 2.693539999999999823e-01 -5.064308999999999727e+00
1.730000000000000000e+07 7.012196699999999794e+01 4.662066500000000246e+01 2.920459999999999723e-01 -8.011404000000000636e+00
1.735000000000000000e+07 7.092926500000000090e+01 4.542393299999999812e+01 1.880840000000000012e-01 -4.740160000000000373e+00
1.740000000000000000e+07 7.057963900000000024e+01 4.581819399999999831e+01 2.343580000000000108e-01 -4.218289000000000399e+00
1.745000000000000000e+07 6.997839700000000107e+01 4.629601199999999750e+01 2.557189999999999741e-01 -6.592717999999999634e+00
1.750000000000000000e+07 6.974634799999999757e+01 4.775571899999999914e+01 2.476270000000000138e-01 -8.304410000000000736e+00
1.755000000000000000e+07 6.922369500000000642e+01 4.702155100000000232e+01 2.486230000000000107e-01 -5.673500999999999905e+00
1.760000000000000000e+07 7.012260200000000054e+01 4.727566099999999949e+01 2.036840000000000039e-01 -7.419068000000000218e+00
1.765000000000000000e+07 6.861836800000000380e+01 4.836875400000000269e+01 1.059799999999999978e-02 -7.770188000000000095e+00
1.770000000000000000e+07 6.789098599999999806e+01 4.810476700000000250e+01 3.652699999999999697e-02 -7.231230000000000047e+00
1.775000000000000000e+07 6.787645999999999447e+01 4.853967600000000004e+01 1.422849999999999948e-01 -5.770452999999999832e+00
1.780000000000000000e+07 6.640932200000000307e+01 4.877489899999999778e+01 1.907999999999999974e-01 -6.312344000000000399e+00
1.785000000000000000e+07 6.631679400000000157e+01 4.928282000000000096e+01 1.085829999999999990e-01 -7.993521999999999572e+00
1.790000000000000000e+07 6.582645399999999825e+01 5.060318500000000341e+01 6.590500000000000524e-02 -7.447055999999999898e+00
1.795000000000000000e+07 6.598602800000000457e+01 5.054321600000000103e+01 4.600000000000000004e-05 -4.987670999999999744e+00
1.800000000000000000e+07 6.718999700000000530e+01 5.021180999999999983e+01 9.164100000000000024e-02 -8.581397000000000830e+00
1.805000000000000000e+07 6.725399099999999919e+01 4.944867899999999850e+01 6.661000000000000254e-02 -9.260559999999999903e+00
1.810000000000000000e+07 6.732899299999999698e+01 4.957626799999999889e+01 6.618699999999999584e-02 -8.140897000000000716e+00
1.815000000000000000e+07 6.609113100000000429e+01 5.121734899999999868e+01 6.583600000000000563e-02 -5.678202999999999889e+00
1.820000000000000000e+07 6.673118499999999642e+01 5.139714800000000139e+01 6.593200000000000449e-02 -7.598545999999999800e+00
1.825000000000000000e+07 6.617942399999999736e+01 5.120381499999999875e+01 6.972699999999999732e-02 -6.636376000000000275e+00
1.830000000000000000e+07 6.483747700000000691e+01 5.069468899999999678e+01 6.670500000000000040e-02 -6.087302000000000213e+00
1.835000000000000000e+07 6.393466000000000093e+01 5.171890499999999946e+01 6.405099999999999683e-02 -8.069321000000000410e+00
1.840000000000000000e+07 6.505341199999999446e+01 5.090445100000000167e+01 5.987499999999999767e-02 -5.908100000000000129e+00
1.845000000000000000e+07 6.464983499999999594e+01 5.021219299999999919e+01 6.270299999999999485e-02 -7.028220000000000134e+00
1.850000000000000000e+07 6.396173100000000034e+01 5.107427700000000215e+01 1.145349999999999979e-01 -6.373721999999999888e+00
1.855000000000000000e+07 6.534793299999999761e+01 5.078597100000000353e+01 8.687100000000000377e-02 -5.234459000000000195e+00
1.860000000000000000e+07 6.250024200000000008e+01 5.051602100000000206e+01 1.222179999999999933e-01 -1.158355500000000049e+01
1.865000000000000000e+07 6.284057700000000324e+01 5.138904800000000250e+01 6.260899999999999799e-02 -9.197585999999999373e+00
1.870000000000000000e+07 6.345708700000000135e+01 5.158548700000000053e+01 5.339599999999999902e-02 -7.276816000000000173e+00
1.875000000000000000e+07 6.422417900000000657e+01 5.110681300000000249e+01 1.153659999999999963e-01 -3.495204999999999895e+00
1.880000000000000000e+07 6.427336099999999419e+01 5.142973800000000040e+01 1.049090000000000023e-01 -6.705072999999999617e+00
1.885000000000000000e+07 6.462661599999999851e+01 5.130478000000000094e+01 8.399900000000000422e-02 -6.708901000000000003e+00
1.890000000000000000e+07 6.605549200000000098e+01 5.106284600000000040e+01 7.172599999999999809e-02 -6.942110999999999699e+00
1.895000000000000000e+07 6.442211700000000008e+01 5.135827900000000312e+01 6.598600000000000299e-02 -5.486938999999999567e+00
1.900000000000000000e+07 6.579593699999999501e+01 5.177275999999999812e+01 5.283600000000000102e-02 -8.821637000000000839e+00
1.905000000000000000e+07 6.422602600000000450e+01 5.213196700000000305e+01 8.370800000000000463e-02 -1.026220200000000027e+01
1.910000000000000000e+07 6.273628300000000024e+01 5.185744499999999846e+01 1.119659999999999961e-01 -8.859885000000000232e+00
1.915000000000000000e+07 6.400062900000000354e+01 5.093937300000000334e+01 8.711000000000000687e-02 -6.595833999999999975e+00
1.920000000000000000e+07 6.449095400000000211e+01 5.162725600000000270e+01 6.076499999999999957e-02 -6.551905999999999786e+00
1.925000000000000000e+07 6.215095399999999870e+01 5.180908699999999811e+01 6.442900000000000016e-02 -9.250436000000000547e+00
1.930000000000000000e+07 6.274070199999999886e+01 5.145511599999999675e+01 9.635599999999999721e-02 -1.003646400000000050e+01
1.935000000000000000e+07 6.160643400000000014e+01 5.123025299999999760e+01 9.652399999999999869e-02 -1.270256400000000063e+01
1.940000000000000000e+07 6.224184199999999834e+01 5.103698200000000185e+01 1.049640000000000017e-01 -1.004211100000000023e+01
1.945000000000000000e+07 6.313533000000000328e+01 5.183868700000000018e+01 9.235100000000000253e-02 -1.008089499999999994e+01
1.950000000000000000e+07 6.358392800000000022e+01 5.063437799999999811e+01 8.502300000000000135e-02 -4.763466000000000200e+00
1.955000000000000000e+07 6.363034600000000296e+01 5.005348800000000153e+01 1.057069999999999954e-01 -5.002514999999999823e+00
1.960000000000000000e+07 6.274165399999999693e+01 5.217354100000000017e+01 9.055499999999999661e-02 -8.024565000000000836e+00
1.965000000000000000e+07 6.421436799999999323e+01 5.188538599999999690e+01 1.041460000000000025e-01 -9.696853000000000833e+00
1.970000000000000000e+07 6.388699700000000092e+01 5.172203900000000232e+01 6.633899999999999519e-02 -7.980704000000000242e+00
1.975000000000000000e+07 6.638341499999999940e+01 5.077153100000000308e+01 8.472300000000000664e-02 -7.262089999999999712e+00
1.980000000000000000e+07 6.710788499999999601e+01 5.196687000000000012e+01 6.240400000000000114e-02 -1.208423999999999943e+01
1.985000000000000000e+07 6.647280200000000150e+01 5.083015400000000028e+01 7.126200000000000589e-02 -9.189913999999999916e+00
1.990000000000000000e+07 6.776256899999999916e+01 5.071419199999999705e+01 6.472799999999999387e-02 -6.163440999999999725e+00
1.995000000000000000e+07 6.752803000000000111e+01 5.023588699999999818e+01 6.849299999999999833e-02 -9.490265000000000839e+00
2.000000000000000000e+07 6.772954599999999914e+01 5.060085600000000028e+01 4.504199999999999871e-02 -7.785815999999999626e+00
2.005000000000000000e+07 6.812120099999999923e+01 4.966979800000000012e+01 4.789800000000000307e-02 -6.506950999999999929e+00
2.010000000000000000e+07 6.896193599999999435e+01 5.105881999999999721e+01 1.999999999999999909e-06 -6.759911999999999921e+00
2.015000000000000000e+07 6.905223100000000613e+01 5.132932900000000132e+01 1.069999999999999988e-03 -8.049338999999999800e+00
2.020000000000000000e+07 6.950157799999999497e+01 5.116785200000000344e+01 8.649999999999999920e-04 -9.042562000000000211e+00
2.025000000000000000e+07 6.982638500000000192e+01 5.103065999999999747e+01 3.382399999999999990e-02 -8.755162999999999585e+00
2.030000000000000000e+07 6.834779500000000496e+01 5.159879999999999711e+01 5.230100000000000027e-02 -9.849491000000000440e+00
2.035000000000000000e+07 6.829182000000000130e+01 5.168330999999999875e+01 5.804999999999999744e-02 -1.070305699999999938e+01
2.040000000000000000e+07 6.826869299999999896e+01 5.178274600000000305e+01 8.640000000000000110e-03 -1.071551400000000065e+01
2.045000000000000000e+07 6.811024999999999352e+01 5.192577899999999858e+01 4.571800000000000169e-02 -1.000932800000000000e+01
2.050000000000000000e+07 6.740563000000000216e+01 5.177392900000000253e+01 5.822399999999999798e-02 -9.935157000000000238e+00
2.055000000000000000e+07 6.812895699999999977e+01 5.041965199999999925e+01 3.951899999999999857e-02 -6.167494999999999727e+00
2.060000000000000000e+07 6.876313399999999376e+01 4.934219800000000333e+01 7.945099999999999385e-02 -6.764717000000000091e+00
2.065000000000000000e+07 6.906829600000000369e+01 4.972026799999999724e+01 1.820499999999999896e-02 -5.604264999999999830e+00
2.070000000000000000e+07 7.118018399999999701e+01 4.902631099999999975e+01 7.871300000000000519e-02 -1.165561499999999917e+01
2.075000000000000000e+07 7.080555499999999824e+01 4.828815699999999822e+01 1.224930000000000047e-01 -7.724639999999999951e+00
2.080000000000000000e+07 6.994199899999999559e+01 4.813897999999999655e+01 1.468069999999999931e-01 -6.929858000000000295e+00
2.085000000000000000e+07 7.075032799999999611e+01 4.918162000000000234e+01 8.324399999999999855e-02 -9.286396999999999124e+00
2.090000000000000000e+07 6.979316500000000190e+01 5.059678100000000001e+01 6.043899999999999967e-02 -6.952225999999999573e+00
2.095000000000000000e+07 7.055948100000000522e+01 5.066420800000000213e+01 4.021999999999999881e-02 -1.255115900000000018e+01
2.100000000000000000e+07 6.995936100000000124e+01 4.922317499999999768e+01 6.027099999999999819e-02 -6.023818000000000339e+00
2.105000000000000000e+07 6.946512599999999793e+01 4.808356200000000058e+01 5.713900000000000229e-02 -5.663916000000000395e+00
2.110000000000000000e+07 7.021607199999999693e+01 4.859269599999999656e+01 6.430099999999999705e-02 -8.218980999999999426e+00
2.115000000000000000e+07 6.910258500000000481e+01 4.917229799999999784e+01 7.412699999999999845e-02 -7.387807999999999709e+00
2.120000000000000000e+07 6.946237299999999948e+01 5.027418000000000120e+01 3.776299999999999796e-02 -8.294152000000000413e+00
2.125000000000000000e+07 6.876484399999999653e+01 4.919039500000000231e+01 1.145719999999999933e-01 -5.671820999999999557e+00
2.130000000000000000e+07 6.864180600000000254e+01 4.823019200000000239e+01 1.791780000000000039e-01 -9.140318000000000609e+00
2.135000000000000000e+07 6.818174700000000144e+01 4.796282399999999768e+01 1.633050000000000057e-01 -6.681689999999999685e+00
2.140000000000000000e+07 6.900130199999999547e+01 4.774885199999999941e+01 9.481299999999999450e-02 -6.500416000000000416e+00
2.145000000000000000e+07 6.896923599999999510e+01 4.735427099999999712e+01 1.444640000000000091e-01 -4.606228999999999907e+00
2.150000000000000000e+07 6.911731299999999578e+01 4.807543199999999928e+01 9.258500000000000063e-02 -8.201323000000000363e+00
2.155000000000000000e+07 6.749633799999999439e+01 4.879607800000000140e+01 8.019500000000000239e-02 -9.168174999999999741e+00
2.160000000000000000e+07 6.782627300000000048e+01 4.985985199999999651e+01 9.449999999999999850e-04 -7.907509000000000121e+00
2.165000000000000000e+07 6.711297600000000330e+01 5.019853899999999669e+01 1.858900000000000136e-02 -8.152323000000000874e+00
2.170000000000000000e+07 6.760975600000000441e+01 5.092292199999999980e+01 1.124900000000000032e-02 -7.317597000000000129e+00
2.175000000000000000e+07 6.742731700000000217e+01 5.047054099999999721e+01 6.290999999999999370e-02 -7.797867000000000104e+00
2.180000000000000000e+07 6.814382500000000675e+01 4.932159399999999749e+01 1.684950000000000059e-01 -6.852670999999999957e+00
2.185000000000000000e+07 6.820156299999999305e+01 4.911462600000000123e+01 1.036299999999999999e-01 -6.837799000000000404e+00
2.190000000000000000e+07 6.671621500000000538e+01 4.870339299999999838e+01 2.579199999999999895e-02 -7.156559999999999810e+00
2.195000000000000000e+07 6.869411900000000060e+01 4.872258500000000225e+01 8.011000000000000065e-02 -8.199858000000000757e+00
2.200000000000000000e+07 6.784745900000000063e+01 4.846980899999999792e+01 5.876699999999999979e-02 -6.663902000000000214e+00
2.205000000000000000e+07 6.621703700000000481e+01 4.891014799999999951e+01 1.260409999999999864e-01 -6.353994000000000142e+00
2.210000000000000000e+07 6.662325400000000286e+01 4.820337299999999914e+01 1.227189999999999948e-01 -6.545565999999999995e+00
2.215000000000000000e+07 6.731403600000000154e+01 4.857270299999999708e+01 1.248689999999999939e-01 -8.292306999999999206e+00
2.220000000000000000e+07 6.673561899999999980e+01 4.911499100000000340e+01 1.248360000000000025e-01 -5.669095000000000439e+00
2.225000000000000000e+07 6.653787499999999966e+01 4.932423099999999749e+01 1.249490000000000045e-01 -6.490351999999999677e+00
2.230000000000000000e+07 6.489569099999999935e+01 4.920922000000000196e+01 6.889900000000000191e-02 -5.608393000000000406e+00
